<?xml version="1.0" encoding="UTF-8"?>
<!-- Generated by org.testng.reporters.JUnitReportReporter -->
<testsuite hostname="DESKTOP-VRBAL0D" failures="0" tests="5" name="TestNgBasics.PriotiryDemo" time="0.011" errors="0" timestamp="2023-03-17T21:35:34 IST" skipped="0">
  <testcase classname="TestNgBasics.PriotiryDemo" name="zebra" time="0.001"/>
  <system-out/>
  <testcase classname="TestNgBasics.PriotiryDemo" name="grapes" time="0.003"/>
  <system-out/>
  <testcase classname="TestNgBasics.PriotiryDemo" name="apple" time="0.003"/>
  <system-out/>
  <testcase classname="TestNgBasics.PriotiryDemo" name="banana" time="0.002"/>
  <system-out/>
  <testcase classname="TestNgBasics.PriotiryDemo" name="Abc" time="0.002"/>
  <system-out/>
</testsuite> <!-- TestNgBasics.PriotiryDemo -->
