<?xml version="1.0" encoding="UTF-8"?>
<!-- Generated by org.testng.reporters.JUnitReportReporter -->
<testsuite hostname="DESKTOP-VRBAL0D" failures="0" tests="3" name="TestNgBasics.GroupsDemo" time="0.027" errors="0" timestamp="2023-03-17T21:41:14 IST" skipped="0">
  <testcase classname="TestNgBasics.GroupsDemo" name="mobileTc1" time="0.003"/>
  <system-out/>
  <testcase classname="TestNgBasics.GroupsDemo" name="tc" time="0.001"/>
  <system-out/>
  <testcase classname="TestNgBasics.GroupsDemo" name="mobileTC2" time="0.023"/>
  <system-out/>
</testsuite> <!-- TestNgBasics.GroupsDemo -->
