<?xml version="1.0" encoding="UTF-8"?>
<!-- Generated by org.testng.reporters.JUnitReportReporter -->
<testsuite hostname="DESKTOP-VRBAL0D" failures="0" tests="3" name="TestNgBasics.InvocationCountDemo" time="0.017" errors="0" timestamp="2023-03-17T21:35:34 IST" skipped="0">
  <testcase classname="TestNgBasics.InvocationCountDemo" name="m1" time="0.003"/>
  <system-out/>
  <testcase classname="TestNgBasics.InvocationCountDemo" name="m1" time="0.004"/>
  <system-out/>
  <testcase classname="TestNgBasics.InvocationCountDemo" name="m1" time="0.010"/>
  <system-out/>
</testsuite> <!-- TestNgBasics.InvocationCountDemo -->
