<?xml version="1.0" encoding="UTF-8"?>
<!-- Generated by org.testng.reporters.JUnitReportReporter -->
<testsuite hostname="DESKTOP-VRBAL0D" failures="0" tests="2" name="TestNgBasics.AnnotaionsDemo" time="0.004" errors="0" timestamp="2023-03-17T21:35:34 IST" skipped="0">
  <testcase classname="TestNgBasics.AnnotaionsDemo" name="validateLogin" time="0.003"/>
  <system-out/>
  <testcase classname="TestNgBasics.AnnotaionsDemo" name="validateTitle" time="0.001"/>
  <system-out/>
</testsuite> <!-- TestNgBasics.AnnotaionsDemo -->
